Turbo Assembler	 Version 3.1	    11/16/17 19:19:44	    Page 1
hw.ASM



      1	0000			     .model tiny
      2	0000			     .code
      3				     org 100h
      4
      5	0100			     main:
      6	0100  B4 09		     mov ah, 09h
      7	0102  BA 0000r		     mov dx, offset abc
      8	0105  B9 0000s		     mov cx, seg abc
      9	0108  8E D9		     mov ds, cx
     10	010A  CD 21		     int 21h
     11	010C  C3		     ret
     12
     13	010D			     .data
     14	0000  68 65 6C 6C 6F 24	     abc db "hello$"
     15
     16	0000			     .stack
     17	0006  012C*(??)		     db	300 dup(?)
     18				     end main
Turbo Assembler	 Version 3.1	    11/16/17 19:19:44	    Page 2
Symbol Table




Symbol Name			  Type	 Value

??DATE				  Text	 "11/16/17"
??FILENAME			  Text	 "hw	  "
??TIME				  Text	 "19:19:44"
??VERSION			  Number 030A
@32BIT				  Text	 0
@CODE				  Text	 DGROUP
@CODESIZE			  Text	 0
@CPU				  Text	 0101H
@CURSEG				  Text	 _DATA
@DATA				  Text	 DGROUP
@DATASIZE			  Text	 0
@FILENAME			  Text	 HW
@INTERFACE			  Text	 00H
@MODEL				  Text	 1
@STACK				  Text	 DGROUP
@WORDSIZE			  Text	 2
ABC				  Byte	 DGROUP:0000
MAIN				  Near	 DGROUP:0100

Groups & Segments		  Bit Size Align  Combine Class

DGROUP				  Group
  STACK				  16  0400 Para	  Stack	  STACK
  _DATA				  16  0132 Word	  Public  DATA
  _TEXT				  16  010D Word	  Public  CODE
